::1 - - [27/Aug/2020:19:22:51 +0000] "POST /graphql HTTP/1.1" 400 - "http://localhost:3000/" "Mozilla/5.0 (Macintosh; Intel Mac OS X 10_15_6) AppleWebKit/537.36 (KHTML, like Gecko) Chrome/84.0.4147.125 Safari/537.36"
::1 - - [27/Aug/2020:19:22:55 +0000] "POST /graphql HTTP/1.1" 400 - "http://localhost:3000/" "Mozilla/5.0 (Macintosh; Intel Mac OS X 10_15_6) AppleWebKit/537.36 (KHTML, like Gecko) Chrome/84.0.4147.125 Safari/537.36"
::1 - - [27/Aug/2020:19:35:18 +0000] "POST /graphql HTTP/1.1" 400 - "http://localhost:4000/playground" "Mozilla/5.0 (Macintosh; Intel Mac OS X 10_15_6) AppleWebKit/537.36 (KHTML, like Gecko) Chrome/84.0.4147.135 Safari/537.36"
::1 - - [27/Aug/2020:19:51:10 +0000] "POST /graphql HTTP/1.1" 400 - "http://localhost:3000/" "Mozilla/5.0 (Macintosh; Intel Mac OS X 10_15_6) AppleWebKit/537.36 (KHTML, like Gecko) Chrome/84.0.4147.135 Safari/537.36"
::1 - - [27/Aug/2020:19:51:32 +0000] "POST /graphql HTTP/1.1" 400 - "http://localhost:3000/" "Mozilla/5.0 (Macintosh; Intel Mac OS X 10_15_6) AppleWebKit/537.36 (KHTML, like Gecko) Chrome/84.0.4147.135 Safari/537.36"
::1 - - [27/Aug/2020:19:52:41 +0000] "POST /graphql HTTP/1.1" 400 - "http://localhost:3000/" "Mozilla/5.0 (Macintosh; Intel Mac OS X 10_15_6) AppleWebKit/537.36 (KHTML, like Gecko) Chrome/84.0.4147.135 Safari/537.36"
::1 - - [27/Aug/2020:19:52:47 +0000] "POST /graphql HTTP/1.1" 400 - "http://localhost:3000/" "Mozilla/5.0 (Macintosh; Intel Mac OS X 10_15_6) AppleWebKit/537.36 (KHTML, like Gecko) Chrome/84.0.4147.135 Safari/537.36"
::1 - - [27/Aug/2020:20:20:04 +0000] "GET /graphql HTTP/1.1" 404 146 "-" "Mozilla/5.0 (Macintosh; Intel Mac OS X 10_15_6) AppleWebKit/537.36 (KHTML, like Gecko) Chrome/84.0.4147.135 Safari/537.36"
::1 - - [29/Aug/2020:01:03:00 +0000] "POST /graphql HTTP/1.1" 400 - "http://localhost:3000/" "Mozilla/5.0 (Macintosh; Intel Mac OS X 10_15_6) AppleWebKit/537.36 (KHTML, like Gecko) Chrome/84.0.4147.135 Safari/537.36"
::1 - - [29/Aug/2020:01:05:00 +0000] "POST /graphql HTTP/1.1" 400 - "http://localhost:4000/playground" "Mozilla/5.0 (Macintosh; Intel Mac OS X 10_15_6) AppleWebKit/537.36 (KHTML, like Gecko) Chrome/84.0.4147.135 Safari/537.36"
::1 - - [29/Aug/2020:01:05:24 +0000] "POST /graphql HTTP/1.1" 400 - "http://localhost:3000/" "Mozilla/5.0 (Macintosh; Intel Mac OS X 10_15_6) AppleWebKit/537.36 (KHTML, like Gecko) Chrome/84.0.4147.135 Safari/537.36"
::1 - - [29/Aug/2020:01:11:20 +0000] "POST /graphql HTTP/1.1" 400 - "http://localhost:3000/" "Mozilla/5.0 (Macintosh; Intel Mac OS X 10_15_6) AppleWebKit/537.36 (KHTML, like Gecko) Chrome/84.0.4147.135 Safari/537.36"
::1 - - [29/Aug/2020:01:11:38 +0000] "POST /graphql HTTP/1.1" 400 - "http://localhost:3000/" "Mozilla/5.0 (Macintosh; Intel Mac OS X 10_15_6) AppleWebKit/537.36 (KHTML, like Gecko) Chrome/84.0.4147.135 Safari/537.36"
::1 - - [29/Aug/2020:01:12:44 +0000] "POST /graphql HTTP/1.1" 400 - "http://localhost:3000/" "Mozilla/5.0 (Macintosh; Intel Mac OS X 10_15_6) AppleWebKit/537.36 (KHTML, like Gecko) Chrome/84.0.4147.135 Safari/537.36"
::1 - - [29/Aug/2020:01:15:09 +0000] "POST /graphql HTTP/1.1" 400 - "http://localhost:3000/" "Mozilla/5.0 (Macintosh; Intel Mac OS X 10_15_6) AppleWebKit/537.36 (KHTML, like Gecko) Chrome/84.0.4147.135 Safari/537.36"
::1 - - [29/Aug/2020:01:17:45 +0000] "POST /graphql HTTP/1.1" 400 - "http://localhost:3000/" "Mozilla/5.0 (Macintosh; Intel Mac OS X 10_15_6) AppleWebKit/537.36 (KHTML, like Gecko) Chrome/84.0.4147.135 Safari/537.36"
::1 - - [29/Aug/2020:01:18:05 +0000] "POST /graphql HTTP/1.1" 400 - "http://localhost:3000/" "Mozilla/5.0 (Macintosh; Intel Mac OS X 10_15_6) AppleWebKit/537.36 (KHTML, like Gecko) Chrome/84.0.4147.135 Safari/537.36"
::1 - - [29/Aug/2020:01:19:04 +0000] "POST /graphql HTTP/1.1" 400 - "http://localhost:3000/" "Mozilla/5.0 (Macintosh; Intel Mac OS X 10_15_6) AppleWebKit/537.36 (KHTML, like Gecko) Chrome/84.0.4147.135 Safari/537.36"
::1 - - [29/Aug/2020:01:29:18 +0000] "POST /graphql HTTP/1.1" 400 - "http://localhost:3000/" "Mozilla/5.0 (Macintosh; Intel Mac OS X 10_15_6) AppleWebKit/537.36 (KHTML, like Gecko) Chrome/84.0.4147.135 Safari/537.36"
::1 - - [29/Aug/2020:04:54:53 +0000] "POST /graphql HTTP/1.1" 400 - "http://localhost:3000/" "Mozilla/5.0 (Macintosh; Intel Mac OS X 10_15_6) AppleWebKit/537.36 (KHTML, like Gecko) Chrome/84.0.4147.135 Safari/537.36"
::1 - - [29/Aug/2020:05:11:41 +0000] "POST /graphql HTTP/1.1" 400 - "http://localhost:3000/" "Mozilla/5.0 (Macintosh; Intel Mac OS X 10_15_6) AppleWebKit/537.36 (KHTML, like Gecko) Chrome/84.0.4147.135 Safari/537.36"
::1 - - [29/Aug/2020:05:12:00 +0000] "POST /graphql HTTP/1.1" 400 - "http://localhost:3000/" "Mozilla/5.0 (Macintosh; Intel Mac OS X 10_15_6) AppleWebKit/537.36 (KHTML, like Gecko) Chrome/84.0.4147.135 Safari/537.36"
::1 - - [29/Aug/2020:05:29:45 +0000] "POST /graphql HTTP/1.1" 400 - "http://localhost:3000/" "Mozilla/5.0 (Macintosh; Intel Mac OS X 10_15_6) AppleWebKit/537.36 (KHTML, like Gecko) Chrome/84.0.4147.135 Safari/537.36"
::1 - - [29/Aug/2020:05:30:21 +0000] "POST /graphql HTTP/1.1" 400 - "http://localhost:3000/" "Mozilla/5.0 (Macintosh; Intel Mac OS X 10_15_6) AppleWebKit/537.36 (KHTML, like Gecko) Chrome/84.0.4147.135 Safari/537.36"
::1 - - [29/Aug/2020:05:30:50 +0000] "POST /graphql HTTP/1.1" 400 - "http://localhost:3000/" "Mozilla/5.0 (Macintosh; Intel Mac OS X 10_15_6) AppleWebKit/537.36 (KHTML, like Gecko) Chrome/84.0.4147.135 Safari/537.36"
::1 - - [29/Aug/2020:07:55:26 +0000] "POST /graphql HTTP/1.1" 400 - "http://localhost:3000/" "Mozilla/5.0 (Macintosh; Intel Mac OS X 10_15_6) AppleWebKit/537.36 (KHTML, like Gecko) Chrome/84.0.4147.135 Safari/537.36"
::1 - - [29/Aug/2020:07:59:02 +0000] "POST /graphql HTTP/1.1" 400 - "http://localhost:3000/?loginId=&loginPw=" "Mozilla/5.0 (Macintosh; Intel Mac OS X 10_15_6) AppleWebKit/537.36 (KHTML, like Gecko) Chrome/84.0.4147.135 Safari/537.36"
::1 - - [29/Aug/2020:08:02:04 +0000] "POST /graphql HTTP/1.1" 400 - "http://localhost:3000/" "Mozilla/5.0 (Macintosh; Intel Mac OS X 10_15_6) AppleWebKit/537.36 (KHTML, like Gecko) Chrome/84.0.4147.135 Safari/537.36"
::1 - - [29/Aug/2020:08:02:14 +0000] "POST /graphql HTTP/1.1" 400 - "http://localhost:3000/" "Mozilla/5.0 (Macintosh; Intel Mac OS X 10_15_6) AppleWebKit/537.36 (KHTML, like Gecko) Chrome/84.0.4147.135 Safari/537.36"
::1 - - [31/Aug/2020:10:14:46 +0000] "POST /graphql HTTP/1.1" 400 - "http://localhost:3000/?loginId=qqq&loginPw=qqq" "Mozilla/5.0 (Macintosh; Intel Mac OS X 10_15_6) AppleWebKit/537.36 (KHTML, like Gecko) Chrome/84.0.4147.135 Safari/537.36"
::1 - - [31/Aug/2020:10:14:48 +0000] "POST /graphql HTTP/1.1" 400 - "http://localhost:3000/?loginId=qqq&loginPw=qq" "Mozilla/5.0 (Macintosh; Intel Mac OS X 10_15_6) AppleWebKit/537.36 (KHTML, like Gecko) Chrome/84.0.4147.135 Safari/537.36"
::1 - - [31/Aug/2020:10:15:11 +0000] "POST /graphql HTTP/1.1" 400 - "http://localhost:3000/?loginId=ttt&loginPw=ttt" "Mozilla/5.0 (Macintosh; Intel Mac OS X 10_15_6) AppleWebKit/537.36 (KHTML, like Gecko) Chrome/84.0.4147.135 Safari/537.36"
::1 - - [02/Sep/2020:12:08:05 +0000] "POST /graphql HTTP/1.1" 400 - "http://localhost:3000/" "Mozilla/5.0 (Macintosh; Intel Mac OS X 10_15_6) AppleWebKit/537.36 (KHTML, like Gecko) Chrome/84.0.4147.135 Safari/537.36"
::1 - - [02/Sep/2020:14:35:16 +0000] "POST /graphql HTTP/1.1" 400 - "http://localhost:3000/" "Mozilla/5.0 (Macintosh; Intel Mac OS X 10_15_6) AppleWebKit/537.36 (KHTML, like Gecko) Chrome/84.0.4147.135 Safari/537.36"
::1 - - [04/Sep/2020:13:09:52 +0000] "POST /graphql HTTP/1.1" 400 - "http://localhost:3000/" "Mozilla/5.0 (Macintosh; Intel Mac OS X 10_15_6) AppleWebKit/537.36 (KHTML, like Gecko) Chrome/84.0.4147.135 Safari/537.36"
::1 - - [04/Sep/2020:13:09:52 +0000] "POST /graphql HTTP/1.1" 400 - "http://localhost:3000/" "Mozilla/5.0 (Macintosh; Intel Mac OS X 10_15_6) AppleWebKit/537.36 (KHTML, like Gecko) Chrome/84.0.4147.135 Safari/537.36"
::1 - - [04/Sep/2020:13:10:28 +0000] "POST /graphql HTTP/1.1" 400 - "http://localhost:3000/" "Mozilla/5.0 (Macintosh; Intel Mac OS X 10_15_6) AppleWebKit/537.36 (KHTML, like Gecko) Chrome/84.0.4147.135 Safari/537.36"
::1 - - [04/Sep/2020:13:11:20 +0000] "POST /graphql HTTP/1.1" 400 - "http://localhost:3000/" "Mozilla/5.0 (Macintosh; Intel Mac OS X 10_15_6) AppleWebKit/537.36 (KHTML, like Gecko) Chrome/84.0.4147.135 Safari/537.36"
::1 - - [04/Sep/2020:13:13:52 +0000] "POST /graphql HTTP/1.1" 400 - "http://localhost:3000/" "Mozilla/5.0 (Macintosh; Intel Mac OS X 10_15_6) AppleWebKit/537.36 (KHTML, like Gecko) Chrome/84.0.4147.135 Safari/537.36"
::1 - - [04/Sep/2020:13:14:20 +0000] "POST /graphql HTTP/1.1" 400 - "http://localhost:3000/" "Mozilla/5.0 (Macintosh; Intel Mac OS X 10_15_6) AppleWebKit/537.36 (KHTML, like Gecko) Chrome/84.0.4147.135 Safari/537.36"
::1 - - [04/Sep/2020:13:18:54 +0000] "POST /graphql HTTP/1.1" 400 - "http://localhost:3000/" "Mozilla/5.0 (Macintosh; Intel Mac OS X 10_15_6) AppleWebKit/537.36 (KHTML, like Gecko) Chrome/84.0.4147.135 Safari/537.36"
::1 - - [04/Sep/2020:13:23:25 +0000] "POST /graphql HTTP/1.1" 400 - "http://localhost:3000/" "Mozilla/5.0 (Macintosh; Intel Mac OS X 10_15_6) AppleWebKit/537.36 (KHTML, like Gecko) Chrome/84.0.4147.135 Safari/537.36"
::1 - - [04/Sep/2020:13:25:45 +0000] "POST /graphql HTTP/1.1" 400 - "http://localhost:3000/" "Mozilla/5.0 (Macintosh; Intel Mac OS X 10_15_6) AppleWebKit/537.36 (KHTML, like Gecko) Chrome/84.0.4147.135 Safari/537.36"
::1 - - [04/Sep/2020:13:25:48 +0000] "POST /graphql HTTP/1.1" 400 - "http://localhost:3000/" "Mozilla/5.0 (Macintosh; Intel Mac OS X 10_15_6) AppleWebKit/537.36 (KHTML, like Gecko) Chrome/84.0.4147.135 Safari/537.36"
::1 - - [04/Sep/2020:13:26:08 +0000] "POST /graphql HTTP/1.1" 400 - "http://localhost:3000/" "Mozilla/5.0 (Macintosh; Intel Mac OS X 10_15_6) AppleWebKit/537.36 (KHTML, like Gecko) Chrome/84.0.4147.135 Safari/537.36"
::1 - - [04/Sep/2020:15:05:35 +0000] "POST /graphql HTTP/1.1" 400 - "http://localhost:4000/playground" "Mozilla/5.0 (Macintosh; Intel Mac OS X 10_15_6) AppleWebKit/537.36 (KHTML, like Gecko) Chrome/84.0.4147.135 Safari/537.36"
::1 - - [08/Sep/2020:13:38:38 +0000] "POST /graphql HTTP/1.1" 400 - "http://localhost:4000/playground" "Mozilla/5.0 (Macintosh; Intel Mac OS X 10_15_6) AppleWebKit/537.36 (KHTML, like Gecko) Chrome/85.0.4183.83 Safari/537.36"
::1 - - [08/Sep/2020:13:53:22 +0000] "POST /graphql HTTP/1.1" 400 - "http://localhost:3000/user/101" "Mozilla/5.0 (Macintosh; Intel Mac OS X 10_15_6) AppleWebKit/537.36 (KHTML, like Gecko) Chrome/85.0.4183.83 Safari/537.36"
::1 - - [08/Sep/2020:13:53:26 +0000] "POST /graphql HTTP/1.1" 400 - "http://localhost:3000/user/101" "Mozilla/5.0 (Macintosh; Intel Mac OS X 10_15_6) AppleWebKit/537.36 (KHTML, like Gecko) Chrome/85.0.4183.83 Safari/537.36"
::1 - - [08/Sep/2020:13:53:59 +0000] "POST /graphql HTTP/1.1" 400 - "http://localhost:3000/user/101" "Mozilla/5.0 (Macintosh; Intel Mac OS X 10_15_6) AppleWebKit/537.36 (KHTML, like Gecko) Chrome/85.0.4183.83 Safari/537.36"
::1 - - [09/Sep/2020:15:20:50 +0000] "POST /graphql HTTP/1.1" 400 - "http://localhost:3000/faq" "Mozilla/5.0 (Macintosh; Intel Mac OS X 10_15_6) AppleWebKit/537.36 (KHTML, like Gecko) Chrome/85.0.4183.83 Safari/537.36"
::1 - - [09/Sep/2020:15:22:46 +0000] "POST /graphql HTTP/1.1" 400 - "http://localhost:3000/faq" "Mozilla/5.0 (Macintosh; Intel Mac OS X 10_15_6) AppleWebKit/537.36 (KHTML, like Gecko) Chrome/85.0.4183.83 Safari/537.36"
::1 - - [09/Sep/2020:15:30:39 +0000] "POST /graphql HTTP/1.1" 400 - "http://localhost:3000/faq" "Mozilla/5.0 (Macintosh; Intel Mac OS X 10_15_6) AppleWebKit/537.36 (KHTML, like Gecko) Chrome/85.0.4183.83 Safari/537.36"
::1 - - [09/Sep/2020:15:31:18 +0000] "POST /graphql HTTP/1.1" 400 - "http://localhost:3000/faq" "Mozilla/5.0 (Macintosh; Intel Mac OS X 10_15_6) AppleWebKit/537.36 (KHTML, like Gecko) Chrome/85.0.4183.83 Safari/537.36"
::1 - - [09/Sep/2020:15:31:26 +0000] "POST /graphql HTTP/1.1" 400 - "http://localhost:3000/faq" "Mozilla/5.0 (Macintosh; Intel Mac OS X 10_15_6) AppleWebKit/537.36 (KHTML, like Gecko) Chrome/85.0.4183.83 Safari/537.36"
::1 - - [09/Sep/2020:15:31:45 +0000] "POST /graphql HTTP/1.1" 400 - "http://localhost:3000/faq" "Mozilla/5.0 (Macintosh; Intel Mac OS X 10_15_6) AppleWebKit/537.36 (KHTML, like Gecko) Chrome/85.0.4183.83 Safari/537.36"
::1 - - [09/Sep/2020:15:31:53 +0000] "POST /graphql HTTP/1.1" 400 - "http://localhost:3000/faq" "Mozilla/5.0 (Macintosh; Intel Mac OS X 10_15_6) AppleWebKit/537.36 (KHTML, like Gecko) Chrome/85.0.4183.83 Safari/537.36"
::1 - - [09/Sep/2020:15:31:58 +0000] "POST /graphql HTTP/1.1" 400 - "http://localhost:3000/faq" "Mozilla/5.0 (Macintosh; Intel Mac OS X 10_15_6) AppleWebKit/537.36 (KHTML, like Gecko) Chrome/85.0.4183.83 Safari/537.36"
::1 - - [09/Sep/2020:15:32:22 +0000] "POST /graphql HTTP/1.1" 400 - "http://localhost:4000/playground" "Mozilla/5.0 (Macintosh; Intel Mac OS X 10_15_6) AppleWebKit/537.36 (KHTML, like Gecko) Chrome/85.0.4183.83 Safari/537.36"
::1 - - [09/Sep/2020:15:32:30 +0000] "POST /graphql HTTP/1.1" 400 - "http://localhost:4000/playground" "Mozilla/5.0 (Macintosh; Intel Mac OS X 10_15_6) AppleWebKit/537.36 (KHTML, like Gecko) Chrome/85.0.4183.83 Safari/537.36"
::1 - - [09/Sep/2020:19:42:28 +0000] "POST /graphql HTTP/1.1" 400 - "http://localhost:3000/answeredSurvey" "Mozilla/5.0 (Macintosh; Intel Mac OS X 10_15_6) AppleWebKit/537.36 (KHTML, like Gecko) Chrome/85.0.4183.83 Safari/537.36"
::1 - - [10/Sep/2020:12:20:19 +0000] "POST /graphql HTTP/1.1" 400 - "http://localhost:3000/user/undefined" "Mozilla/5.0 (Macintosh; Intel Mac OS X 10_15_6) AppleWebKit/537.36 (KHTML, like Gecko) Chrome/85.0.4183.83 Safari/537.36"
::1 - - [10/Sep/2020:12:20:21 +0000] "POST /graphql HTTP/1.1" 400 - "http://localhost:3000/user/undefined" "Mozilla/5.0 (Macintosh; Intel Mac OS X 10_15_6) AppleWebKit/537.36 (KHTML, like Gecko) Chrome/85.0.4183.83 Safari/537.36"
::1 - - [13/Sep/2020:07:50:18 +0000] "POST /graphql HTTP/1.1" 400 - "http://localhost:4000/playground" "Mozilla/5.0 (Macintosh; Intel Mac OS X 10_15_6) AppleWebKit/537.36 (KHTML, like Gecko) Chrome/85.0.4183.102 Safari/537.36"
::1 - - [13/Sep/2020:13:21:55 +0000] "POST /graphql HTTP/1.1" 400 - "http://localhost:3000/answeredSurvey" "Mozilla/5.0 (Macintosh; Intel Mac OS X 10_15_6) AppleWebKit/537.36 (KHTML, like Gecko) Chrome/85.0.4183.102 Safari/537.36"
::1 - - [15/Sep/2020:10:59:32 +0000] "POST /graphql HTTP/1.1" 400 - "http://localhost:3000/answeredSurvey" "Mozilla/5.0 (Macintosh; Intel Mac OS X 10_15_6) AppleWebKit/537.36 (KHTML, like Gecko) Chrome/85.0.4183.102 Safari/537.36"
::1 - - [15/Sep/2020:11:00:54 +0000] "POST /graphql HTTP/1.1" 400 - "http://localhost:3000/answeredSurvey" "Mozilla/5.0 (Macintosh; Intel Mac OS X 10_15_6) AppleWebKit/537.36 (KHTML, like Gecko) Chrome/85.0.4183.102 Safari/537.36"
::1 - - [15/Sep/2020:11:01:41 +0000] "POST /graphql HTTP/1.1" 400 - "http://localhost:3000/answeredSurvey" "Mozilla/5.0 (Macintosh; Intel Mac OS X 10_15_6) AppleWebKit/537.36 (KHTML, like Gecko) Chrome/85.0.4183.102 Safari/537.36"
::1 - - [15/Sep/2020:11:02:11 +0000] "POST /graphql HTTP/1.1" 400 - "http://localhost:3000/answeredSurvey" "Mozilla/5.0 (Macintosh; Intel Mac OS X 10_15_6) AppleWebKit/537.36 (KHTML, like Gecko) Chrome/85.0.4183.102 Safari/537.36"
::1 - - [15/Sep/2020:11:02:16 +0000] "POST /graphql HTTP/1.1" 400 - "http://localhost:3000/answeredSurvey" "Mozilla/5.0 (Macintosh; Intel Mac OS X 10_15_6) AppleWebKit/537.36 (KHTML, like Gecko) Chrome/85.0.4183.102 Safari/537.36"
::1 - - [15/Sep/2020:11:40:15 +0000] "POST /graphql HTTP/1.1" 400 - "http://localhost:3000/ride/undefined" "Mozilla/5.0 (Macintosh; Intel Mac OS X 10_15_6) AppleWebKit/537.36 (KHTML, like Gecko) Chrome/85.0.4183.102 Safari/537.36"
::1 - - [15/Sep/2020:11:40:29 +0000] "POST /graphql HTTP/1.1" 400 - "http://localhost:3000/ride/undefined" "Mozilla/5.0 (Macintosh; Intel Mac OS X 10_15_6) AppleWebKit/537.36 (KHTML, like Gecko) Chrome/85.0.4183.102 Safari/537.36"
::1 - - [15/Sep/2020:12:17:18 +0000] "POST /graphql HTTP/1.1" 400 - "http://localhost:3000/addNewDriver" "Mozilla/5.0 (Macintosh; Intel Mac OS X 10_15_6) AppleWebKit/537.36 (KHTML, like Gecko) Chrome/85.0.4183.102 Safari/537.36"
::1 - - [15/Sep/2020:12:26:43 +0000] "POST /graphql HTTP/1.1" 400 - "http://localhost:3000/addNewDriver" "Mozilla/5.0 (Macintosh; Intel Mac OS X 10_15_6) AppleWebKit/537.36 (KHTML, like Gecko) Chrome/85.0.4183.102 Safari/537.36"
::1 - - [15/Sep/2020:12:27:26 +0000] "POST /graphql HTTP/1.1" 400 - "http://localhost:3000/addNewDriver" "Mozilla/5.0 (Macintosh; Intel Mac OS X 10_15_6) AppleWebKit/537.36 (KHTML, like Gecko) Chrome/85.0.4183.102 Safari/537.36"
::1 - - [15/Sep/2020:12:27:49 +0000] "POST /graphql HTTP/1.1" 400 - "http://localhost:3000/addNewDriver" "Mozilla/5.0 (Macintosh; Intel Mac OS X 10_15_6) AppleWebKit/537.36 (KHTML, like Gecko) Chrome/85.0.4183.102 Safari/537.36"
::1 - - [15/Sep/2020:12:28:57 +0000] "POST /graphql HTTP/1.1" 400 - "http://localhost:3000/addNewDriver" "Mozilla/5.0 (Macintosh; Intel Mac OS X 10_15_6) AppleWebKit/537.36 (KHTML, like Gecko) Chrome/85.0.4183.102 Safari/537.36"
::1 - - [15/Sep/2020:12:29:42 +0000] "POST /graphql HTTP/1.1" 400 - "http://localhost:3000/addNewDriver" "Mozilla/5.0 (Macintosh; Intel Mac OS X 10_15_6) AppleWebKit/537.36 (KHTML, like Gecko) Chrome/85.0.4183.102 Safari/537.36"
::1 - - [15/Sep/2020:12:30:45 +0000] "POST /graphql HTTP/1.1" 400 - "http://localhost:3000/addNewDriver" "Mozilla/5.0 (Macintosh; Intel Mac OS X 10_15_6) AppleWebKit/537.36 (KHTML, like Gecko) Chrome/85.0.4183.102 Safari/537.36"
::1 - - [15/Sep/2020:12:51:48 +0000] "POST /graphql HTTP/1.1" 400 - "http://localhost:3000/addNewCoupon" "Mozilla/5.0 (Macintosh; Intel Mac OS X 10_15_6) AppleWebKit/537.36 (KHTML, like Gecko) Chrome/85.0.4183.102 Safari/537.36"
::1 - - [15/Sep/2020:12:52:35 +0000] "POST /graphql HTTP/1.1" 400 - "http://localhost:3000/addNewCoupon" "Mozilla/5.0 (Macintosh; Intel Mac OS X 10_15_6) AppleWebKit/537.36 (KHTML, like Gecko) Chrome/85.0.4183.102 Safari/537.36"
